<?xml version="1.0" encoding="UTF-8"?>
<testsuite xmlns:xsi="http://www.w3.org/2001/XMLSchema-instance" xsi:noNamespaceSchemaLocation="https://maven.apache.org/surefire/maven-surefire-plugin/xsd/surefire-test-report-3.0.xsd" version="3.0" name="TestSuite" time="0.382" tests="4" errors="0" skipped="0" failures="0">
  <properties>
    <property name="java.specification.version" value="15"/>
    <property name="sun.jnu.encoding" value="UTF-8"/>
    <property name="java.class.path" value="/Users/mattbuckley/eclipse-workspace/com.seleniumFramework/target/test-classes:/Users/mattbuckley/eclipse-workspace/com.seleniumFramework/target/classes:/Users/mattbuckley/.m2/repository/org/seleniumhq/selenium/selenium-java/3.141.59/selenium-java-3.141.59.jar:/Users/mattbuckley/.m2/repository/org/seleniumhq/selenium/selenium-api/3.141.59/selenium-api-3.141.59.jar:/Users/mattbuckley/.m2/repository/org/seleniumhq/selenium/selenium-chrome-driver/3.141.59/selenium-chrome-driver-3.141.59.jar:/Users/mattbuckley/.m2/repository/org/seleniumhq/selenium/selenium-edge-driver/3.141.59/selenium-edge-driver-3.141.59.jar:/Users/mattbuckley/.m2/repository/org/seleniumhq/selenium/selenium-firefox-driver/3.141.59/selenium-firefox-driver-3.141.59.jar:/Users/mattbuckley/.m2/repository/org/seleniumhq/selenium/selenium-ie-driver/3.141.59/selenium-ie-driver-3.141.59.jar:/Users/mattbuckley/.m2/repository/org/seleniumhq/selenium/selenium-opera-driver/3.141.59/selenium-opera-driver-3.141.59.jar:/Users/mattbuckley/.m2/repository/org/seleniumhq/selenium/selenium-remote-driver/3.141.59/selenium-remote-driver-3.141.59.jar:/Users/mattbuckley/.m2/repository/org/seleniumhq/selenium/selenium-safari-driver/3.141.59/selenium-safari-driver-3.141.59.jar:/Users/mattbuckley/.m2/repository/org/seleniumhq/selenium/selenium-support/3.141.59/selenium-support-3.141.59.jar:/Users/mattbuckley/.m2/repository/net/bytebuddy/byte-buddy/1.8.15/byte-buddy-1.8.15.jar:/Users/mattbuckley/.m2/repository/org/apache/commons/commons-exec/1.3/commons-exec-1.3.jar:/Users/mattbuckley/.m2/repository/com/google/guava/guava/25.0-jre/guava-25.0-jre.jar:/Users/mattbuckley/.m2/repository/com/google/code/findbugs/jsr305/1.3.9/jsr305-1.3.9.jar:/Users/mattbuckley/.m2/repository/org/checkerframework/checker-compat-qual/2.0.0/checker-compat-qual-2.0.0.jar:/Users/mattbuckley/.m2/repository/com/google/errorprone/error_prone_annotations/2.1.3/error_prone_annotations-2.1.3.jar:/Users/mattbuckley/.m2/repository/com/google/j2objc/j2objc-annotations/1.1/j2objc-annotations-1.1.jar:/Users/mattbuckley/.m2/repository/org/codehaus/mojo/animal-sniffer-annotations/1.14/animal-sniffer-annotations-1.14.jar:/Users/mattbuckley/.m2/repository/com/squareup/okhttp3/okhttp/3.11.0/okhttp-3.11.0.jar:/Users/mattbuckley/.m2/repository/com/squareup/okio/okio/1.14.0/okio-1.14.0.jar:/Users/mattbuckley/.m2/repository/org/testng/testng/7.4.0/testng-7.4.0.jar:/Users/mattbuckley/.m2/repository/com/beust/jcommander/1.78/jcommander-1.78.jar:/Users/mattbuckley/.m2/repository/org/webjars/jquery/3.5.1/jquery-3.5.1.jar:/Users/mattbuckley/.m2/repository/io/github/bonigarcia/webdrivermanager/4.4.3/webdrivermanager-4.4.3.jar:/Users/mattbuckley/.m2/repository/org/slf4j/slf4j-api/1.7.30/slf4j-api-1.7.30.jar:/Users/mattbuckley/.m2/repository/commons-io/commons-io/2.8.0/commons-io-2.8.0.jar:/Users/mattbuckley/.m2/repository/com/google/code/gson/gson/2.8.6/gson-2.8.6.jar:/Users/mattbuckley/.m2/repository/org/apache/commons/commons-lang3/3.12.0/commons-lang3-3.12.0.jar:/Users/mattbuckley/.m2/repository/org/apache/httpcomponents/client5/httpclient5/5.0.3/httpclient5-5.0.3.jar:/Users/mattbuckley/.m2/repository/org/apache/httpcomponents/core5/httpcore5/5.0.2/httpcore5-5.0.2.jar:/Users/mattbuckley/.m2/repository/org/apache/httpcomponents/core5/httpcore5-h2/5.0.2/httpcore5-h2-5.0.2.jar:/Users/mattbuckley/.m2/repository/commons-codec/commons-codec/1.13/commons-codec-1.13.jar:/Users/mattbuckley/.m2/repository/org/rauschig/jarchivelib/1.1.0/jarchivelib-1.1.0.jar:/Users/mattbuckley/.m2/repository/org/apache/commons/commons-compress/1.20/commons-compress-1.20.jar:/Users/mattbuckley/.m2/repository/org/jsoup/jsoup/1.13.1/jsoup-1.13.1.jar:"/>
    <property name="java.vm.vendor" value="Oracle Corporation"/>
    <property name="sun.arch.data.model" value="64"/>
    <property name="java.vendor.url" value="https://java.oracle.com/"/>
    <property name="user.timezone" value="America/New_York"/>
    <property name="os.name" value="Mac OS X"/>
    <property name="java.vm.specification.version" value="15"/>
    <property name="sun.java.launcher" value="SUN_STANDARD"/>
    <property name="user.country" value="US"/>
    <property name="sun.boot.library.path" value="/Library/Java/JavaVirtualMachines/jdk-15.0.2.jdk/Contents/Home/lib"/>
    <property name="sun.java.command" value="/Users/mattbuckley/eclipse-workspace/com.seleniumFramework/target/surefire/surefirebooter2410787176951203123.jar /Users/mattbuckley/eclipse-workspace/com.seleniumFramework/target/surefire 2021-06-04T15-36-22_294-jvmRun1 surefire3877778472107309704tmp surefire_016728750546205094648tmp"/>
    <property name="http.nonProxyHosts" value="local|*.local|169.254/16|*.169.254/16"/>
    <property name="jdk.debug" value="release"/>
    <property name="surefire.test.class.path" value="/Users/mattbuckley/eclipse-workspace/com.seleniumFramework/target/test-classes:/Users/mattbuckley/eclipse-workspace/com.seleniumFramework/target/classes:/Users/mattbuckley/.m2/repository/org/seleniumhq/selenium/selenium-java/3.141.59/selenium-java-3.141.59.jar:/Users/mattbuckley/.m2/repository/org/seleniumhq/selenium/selenium-api/3.141.59/selenium-api-3.141.59.jar:/Users/mattbuckley/.m2/repository/org/seleniumhq/selenium/selenium-chrome-driver/3.141.59/selenium-chrome-driver-3.141.59.jar:/Users/mattbuckley/.m2/repository/org/seleniumhq/selenium/selenium-edge-driver/3.141.59/selenium-edge-driver-3.141.59.jar:/Users/mattbuckley/.m2/repository/org/seleniumhq/selenium/selenium-firefox-driver/3.141.59/selenium-firefox-driver-3.141.59.jar:/Users/mattbuckley/.m2/repository/org/seleniumhq/selenium/selenium-ie-driver/3.141.59/selenium-ie-driver-3.141.59.jar:/Users/mattbuckley/.m2/repository/org/seleniumhq/selenium/selenium-opera-driver/3.141.59/selenium-opera-driver-3.141.59.jar:/Users/mattbuckley/.m2/repository/org/seleniumhq/selenium/selenium-remote-driver/3.141.59/selenium-remote-driver-3.141.59.jar:/Users/mattbuckley/.m2/repository/org/seleniumhq/selenium/selenium-safari-driver/3.141.59/selenium-safari-driver-3.141.59.jar:/Users/mattbuckley/.m2/repository/org/seleniumhq/selenium/selenium-support/3.141.59/selenium-support-3.141.59.jar:/Users/mattbuckley/.m2/repository/net/bytebuddy/byte-buddy/1.8.15/byte-buddy-1.8.15.jar:/Users/mattbuckley/.m2/repository/org/apache/commons/commons-exec/1.3/commons-exec-1.3.jar:/Users/mattbuckley/.m2/repository/com/google/guava/guava/25.0-jre/guava-25.0-jre.jar:/Users/mattbuckley/.m2/repository/com/google/code/findbugs/jsr305/1.3.9/jsr305-1.3.9.jar:/Users/mattbuckley/.m2/repository/org/checkerframework/checker-compat-qual/2.0.0/checker-compat-qual-2.0.0.jar:/Users/mattbuckley/.m2/repository/com/google/errorprone/error_prone_annotations/2.1.3/error_prone_annotations-2.1.3.jar:/Users/mattbuckley/.m2/repository/com/google/j2objc/j2objc-annotations/1.1/j2objc-annotations-1.1.jar:/Users/mattbuckley/.m2/repository/org/codehaus/mojo/animal-sniffer-annotations/1.14/animal-sniffer-annotations-1.14.jar:/Users/mattbuckley/.m2/repository/com/squareup/okhttp3/okhttp/3.11.0/okhttp-3.11.0.jar:/Users/mattbuckley/.m2/repository/com/squareup/okio/okio/1.14.0/okio-1.14.0.jar:/Users/mattbuckley/.m2/repository/org/testng/testng/7.4.0/testng-7.4.0.jar:/Users/mattbuckley/.m2/repository/com/beust/jcommander/1.78/jcommander-1.78.jar:/Users/mattbuckley/.m2/repository/org/webjars/jquery/3.5.1/jquery-3.5.1.jar:/Users/mattbuckley/.m2/repository/io/github/bonigarcia/webdrivermanager/4.4.3/webdrivermanager-4.4.3.jar:/Users/mattbuckley/.m2/repository/org/slf4j/slf4j-api/1.7.30/slf4j-api-1.7.30.jar:/Users/mattbuckley/.m2/repository/commons-io/commons-io/2.8.0/commons-io-2.8.0.jar:/Users/mattbuckley/.m2/repository/com/google/code/gson/gson/2.8.6/gson-2.8.6.jar:/Users/mattbuckley/.m2/repository/org/apache/commons/commons-lang3/3.12.0/commons-lang3-3.12.0.jar:/Users/mattbuckley/.m2/repository/org/apache/httpcomponents/client5/httpclient5/5.0.3/httpclient5-5.0.3.jar:/Users/mattbuckley/.m2/repository/org/apache/httpcomponents/core5/httpcore5/5.0.2/httpcore5-5.0.2.jar:/Users/mattbuckley/.m2/repository/org/apache/httpcomponents/core5/httpcore5-h2/5.0.2/httpcore5-h2-5.0.2.jar:/Users/mattbuckley/.m2/repository/commons-codec/commons-codec/1.13/commons-codec-1.13.jar:/Users/mattbuckley/.m2/repository/org/rauschig/jarchivelib/1.1.0/jarchivelib-1.1.0.jar:/Users/mattbuckley/.m2/repository/org/apache/commons/commons-compress/1.20/commons-compress-1.20.jar:/Users/mattbuckley/.m2/repository/org/jsoup/jsoup/1.13.1/jsoup-1.13.1.jar:"/>
    <property name="sun.cpu.endian" value="little"/>
    <property name="user.home" value="/Users/mattbuckley"/>
    <property name="user.language" value="en"/>
    <property name="java.specification.vendor" value="Oracle Corporation"/>
    <property name="java.version.date" value="2021-01-19"/>
    <property name="java.home" value="/Library/Java/JavaVirtualMachines/jdk-15.0.2.jdk/Contents/Home"/>
    <property name="file.separator" value="/"/>
    <property name="basedir" value="/Users/mattbuckley/eclipse-workspace/com.seleniumFramework"/>
    <property name="java.vm.compressedOopsMode" value="Zero based"/>
    <property name="line.separator" value="&#10;"/>
    <property name="java.specification.name" value="Java Platform API Specification"/>
    <property name="java.vm.specification.vendor" value="Oracle Corporation"/>
    <property name="surefire.real.class.path" value="/Users/mattbuckley/eclipse-workspace/com.seleniumFramework/target/surefire/surefirebooter2410787176951203123.jar"/>
    <property name="sun.management.compiler" value="HotSpot 64-Bit Tiered Compilers"/>
    <property name="ftp.nonProxyHosts" value="local|*.local|169.254/16|*.169.254/16"/>
    <property name="java.runtime.version" value="15.0.2+7-27"/>
    <property name="user.name" value="mattbuckley"/>
    <property name="path.separator" value=":"/>
    <property name="os.version" value="10.16"/>
    <property name="java.runtime.name" value="Java(TM) SE Runtime Environment"/>
    <property name="file.encoding" value="UTF-8"/>
    <property name="java.vm.name" value="Java HotSpot(TM) 64-Bit Server VM"/>
    <property name="localRepository" value="/Users/mattbuckley/.m2/repository"/>
    <property name="java.vendor.url.bug" value="https://bugreport.java.com/bugreport/"/>
    <property name="java.io.tmpdir" value="/var/folders/0l/fh5k1n4d085gsv12bmmw60y00000gn/T/"/>
    <property name="java.version" value="15.0.2"/>
    <property name="user.dir" value="/Users/mattbuckley/eclipse-workspace/com.seleniumFramework"/>
    <property name="os.arch" value="x86_64"/>
    <property name="java.vm.specification.name" value="Java Virtual Machine Specification"/>
    <property name="java.library.path" value="/Users/mattbuckley/Library/Java/Extensions:/Library/Java/Extensions:/Network/Library/Java/Extensions:/System/Library/Java/Extensions:/usr/lib/java:."/>
    <property name="java.vm.info" value="mixed mode, sharing"/>
    <property name="java.vendor" value="Oracle Corporation"/>
    <property name="java.vm.version" value="15.0.2+7-27"/>
    <property name="sun.io.unicode.encoding" value="UnicodeBig"/>
    <property name="socksNonProxyHosts" value="local|*.local|169.254/16|*.169.254/16"/>
    <property name="java.class.version" value="59.0"/>
  </properties>
  <testcase name="f" classname="test.AmazonAddToCartTest" time="0.002">
    <system-out><![CDATA[This is AmazonAddToCartTest 
]]></system-out>
  </testcase>
  <testcase name="f" classname="test.AmazonCreateAccountTest" time="0">
    <system-out><![CDATA[This is AmazonCreateAccountTest
]]></system-out>
  </testcase>
  <testcase name="f" classname="test.AmazonItemPurchaseTest" time="0">
    <system-out><![CDATA[This is AmazonItemPurchaseTest 
]]></system-out>
  </testcase>
  <testcase name="f" classname="test.AmazonYourOrderedItemListTest" time="0">
    <system-out><![CDATA[this is AmazonYourOrderedItemListTest 
]]></system-out>
  </testcase>
</testsuite>