<?xml version="1.0" encoding="UTF-8"?>
<!-- Generated by org.testng.reporters.JUnitReportReporter -->
<testsuite hostname="matts-mbp.lan" failures="0" tests="5" name="test.AmazonSearchDataDrivenTest" time="28.009" errors="0" timestamp="2021-06-05T11:06:12 EDT" skipped="0">
  <testcase classname="test.AmazonSearchDataDrivenTest" name="test" time="5.061"/>
  <system-out/>
  <testcase classname="test.AmazonSearchDataDrivenTest" name="test" time="6.132"/>
  <system-out/>
  <testcase classname="test.AmazonSearchDataDrivenTest" name="test" time="5.273"/>
  <system-out/>
  <testcase classname="test.AmazonSearchDataDrivenTest" name="test" time="6.253"/>
  <system-out/>
  <testcase classname="test.AmazonSearchDataDrivenTest" name="test" time="5.290"/>
  <system-out/>
</testsuite> <!-- test.AmazonSearchDataDrivenTest -->
