<?xml version="1.0" encoding="UTF-8"?>
<!-- Generated by org.testng.reporters.JUnitReportReporter -->
<testsuite hostname="matts-mbp.lan" failures="0" tests="1" name="test.AmazonItemPurchaseTest" time="0.002" errors="0" timestamp="2021-06-05T12:18:22 EDT" skipped="0">
  <testcase classname="test.AmazonItemPurchaseTest" name="f" time="0.002"/>
  <system-out/>
</testsuite> <!-- test.AmazonItemPurchaseTest -->
