<?xml version="1.0" encoding="UTF-8"?>
<!-- Generated by org.testng.reporters.JUnitReportReporter -->
<testsuite hostname="matts-mbp.lan" failures="0" tests="1" name="test.AmazonCreateAccountTest" time="0.008" errors="0" timestamp="2021-06-05T12:18:22 EDT" skipped="0">
  <testcase classname="test.AmazonCreateAccountTest" name="f" time="0.008"/>
  <system-out/>
</testsuite> <!-- test.AmazonCreateAccountTest -->
