<?xml version="1.0" encoding="UTF-8"?>
<!-- Generated by org.testng.reporters.JUnitReportReporter -->
<testsuite hostname="matts-mbp.lan" failures="0" tests="3" name="test.AmazonSearchTest" time="20.092" errors="0" timestamp="2021-06-04T15:05:45 EDT" skipped="0">
  <testcase classname="test.AmazonSearchTest" name="amazonSearchTest" time="6.353"/>
  <system-out/>
  <testcase classname="test.AmazonSearchTest" name="amazonSearchTest2" time="4.675"/>
  <system-out/>
  <testcase classname="test.AmazonSearchTest" name="amazonResultVerify" time="9.064"/>
  <system-out/>
</testsuite> <!-- test.AmazonSearchTest -->
