<?xml version="1.0" encoding="UTF-8"?>
<!-- Generated by org.testng.reporters.JUnitReportReporter -->
<testsuite hostname="matts-mbp.lan" failures="0" tests="5" name="test.NewTest" time="2.621" errors="0" timestamp="2021-06-05T10:38:15 EDT" skipped="0">
  <testcase classname="test.NewTest" name="test" time="0.007"/>
  <system-out/>
  <testcase classname="test.NewTest" name="test" time="0.001"/>
  <system-out/>
  <testcase classname="test.NewTest" name="test" time="2.610"/>
  <system-out/>
  <testcase classname="test.NewTest" name="test" time="0.002"/>
  <system-out/>
  <testcase classname="test.NewTest" name="test" time="0.001"/>
  <system-out/>
</testsuite> <!-- test.NewTest -->
