<?xml version="1.0" encoding="UTF-8"?>
<!-- Generated by org.testng.reporters.JUnitReportReporter -->
<testsuite hostname="matts-mbp.lan" failures="0" tests="1" name="test.AmazonYourOrderedItemListTest" time="0.000" errors="0" timestamp="2021-06-04T15:36:23 EDT" skipped="0">
  <testcase classname="test.AmazonYourOrderedItemListTest" name="f" time="0.000"/>
  <system-out/>
</testsuite> <!-- test.AmazonYourOrderedItemListTest -->
